#
# There is insufficient memory for the Java Runtime Environment to continue.
# Native memory allocation (malloc) failed to allocate 32744 bytes for ChunkPool::allocate
# Possible reasons:
#   The system is out of physical RAM or swap space
#   The process is running with CompressedOops enabled, and the Java Heap may be blocking the growth of the native heap
# Possible solutions:
#   Reduce memory load on the system
#   Increase physical memory or swap space
#   Check if swap backing store is full
#   Decrease Java heap size (-Xmx/-Xms)
#   Decrease number of Java threads
#   Decrease Java thread stack sizes (-Xss)
#   Set larger code cache with -XX:ReservedCodeCacheSize=
#   JVM is running with Unscaled Compressed Oops mode in which the Java heap is
#     placed in the first 4GB address space. The Java Heap base address is the
#     maximum limit for the native heap growth. Please use -XX:HeapBaseMinAddress
#     to set the Java Heap base and to place the Java Heap above 4GB virtual address.
# This output file may be truncated or incomplete.
#
#  Out of Memory Error (./open/src/hotspot/share/memory/arena.cpp:79), pid=5552, tid=5472
#
# JRE version: Java(TM) SE Runtime Environment (15.0+36) (build 15+36-1562)
# Java VM: Java HotSpot(TM) 64-Bit Server VM (15+36-1562, mixed mode, tiered, compressed oops, g1 gc, windows-amd64)
# No core dump will be written. Minidumps are not enabled by default on client versions of Windows
#

---------------  S U M M A R Y ------------

Command Line: -Dapplication.home=C:\Program Files\Java\jdk-15 --add-modules=ALL-DEFAULT -Xms8m -Djdk.module.main=jdk.compiler jdk.compiler/com.sun.tools.javac.Main -d C:\Users\FELICIA LONGO\Videos\aulas\java\Java Bases\Aula4_IdiomaSistema\build\classes -classpath C:\Users\FELICIA LONGO\Videos\aulas\java\Java Bases\Aula4_IdiomaSistema\build\classes -sourcepath C:\Users\FELICIA LONGO\Videos\aulas\java\Java Bases\Aula4_IdiomaSistema\build\empty -target 15 -encoding UTF-8 -g -processorpath C:\Users\FELICIA LONGO\Videos\aulas\java\Java Bases\Aula4_IdiomaSistema\build\empty -s C:\Users\FELICIA LONGO\Videos\aulas\java\Java Bases\Aula4_IdiomaSistema\build\generated-sources\ap-source-output -source 15 C:\Users\FELICIA LONGO\Videos\aulas\java\Java Bases\Aula4_IdiomaSistema\src\aula4_idiomasistema\Aula4_IdiomaSistema.java

Host: Intel(R) Core(TM) i3-2350M CPU @ 2.30GHz, 4 cores, 2G,  Windows 10 , 64 bit Build 18362 (10.0.18362.1)
Time: Sat Jan 29 02:07:45 2022 Hor. Padrão Centro-oeste África elapsed time: 0.726763 seconds (0d 0h 0m 0s)

---------------  T H R E A D  ---------------

Current thread (0x00000198a20e4a60):  JavaThread "main" [_thread_in_vm, id=5472, stack(0x0000004c8a700000,0x0000004c8a800000)]

Stack: [0x0000004c8a700000,0x0000004c8a800000]
Native frames: (J=compiled Java code, j=interpreted, Vv=VM code, C=native code)
V  [jvm.dll+0x629eaa]
V  [jvm.dll+0x780379]
V  [jvm.dll+0x781ad3]
V  [jvm.dll+0x782133]
V  [jvm.dll+0x2159d5]
V  [jvm.dll+0x97cdf]
V  [jvm.dll+0x9802c]
V  [jvm.dll+0x20e1f4]
V  [jvm.dll+0x681c39]
V  [jvm.dll+0x682a0f]
V  [jvm.dll+0x33a5f6]
V  [jvm.dll+0x339538]
V  [jvm.dll+0x3394d8]
V  [jvm.dll+0x73dae8]
V  [jvm.dll+0x3b68e7]
V  [jvm.dll+0x3b8371]
C  [jli.dll+0x52fb]
C  [ucrtbase.dll+0x1d912]
C  [KERNEL32.DLL+0x17944]
C  [ntdll.dll+0x6ce71]


---------------  P R O C E S S  ---------------

Threads class SMR info:
_java_thread_list=0x00000198bd9648a0, length=9, elements={
0x00000198a20e4a60, 0x00000198bd8ea570, 0x00000198bd9d2010, 0x00000198bd961940,
0x00000198bd962300, 0x00000198bd962cc0, 0x00000198bd968ec0, 0x00000198bd96b8d0,
0x00000198bd978610
}

Java Threads: ( => current thread )
=>0x00000198a20e4a60 JavaThread "main" [_thread_in_vm, id=5472, stack(0x0000004c8a700000,0x0000004c8a800000)]
  0x00000198bd8ea570 JavaThread "Reference Handler" daemon [_thread_blocked, id=756, stack(0x0000004c8ae00000,0x0000004c8af00000)]
  0x00000198bd9d2010 JavaThread "Finalizer" daemon [_thread_blocked, id=6784, stack(0x0000004c8af00000,0x0000004c8b000000)]
  0x00000198bd961940 JavaThread "Signal Dispatcher" daemon [_thread_blocked, id=3176, stack(0x0000004c8b000000,0x0000004c8b100000)]
  0x00000198bd962300 JavaThread "Attach Listener" daemon [_thread_blocked, id=8120, stack(0x0000004c8b100000,0x0000004c8b200000)]
  0x00000198bd962cc0 JavaThread "Service Thread" daemon [_thread_blocked, id=3436, stack(0x0000004c8b200000,0x0000004c8b300000)]
  0x00000198bd968ec0 JavaThread "C2 CompilerThread0" daemon [_thread_blocked, id=1920, stack(0x0000004c8b300000,0x0000004c8b400000)]
  0x00000198bd96b8d0 JavaThread "C1 CompilerThread0" daemon [_thread_blocked, id=4252, stack(0x0000004c8b400000,0x0000004c8b500000)]
  0x00000198bd978610 JavaThread "Sweeper thread" daemon [_thread_blocked, id=7688, stack(0x0000004c8b500000,0x0000004c8b600000)]

Other Threads:
  0x00000198a21ae950 VMThread "VM Thread" [stack: 0x0000004c8ad00000,0x0000004c8ae00000] [id=6928]
  0x00000198a210e4e0 GCTaskThread "GC Thread#0" [stack: 0x0000004c8a800000,0x0000004c8a900000] [id=3880]
  0x00000198a2114d40 ConcurrentGCThread "G1 Main Marker" [stack: 0x0000004c8a900000,0x0000004c8aa00000] [id=5572]
  0x00000198a2117070 ConcurrentGCThread "G1 Conc#0" [stack: 0x0000004c8aa00000,0x0000004c8ab00000] [id=7632]
  0x00000198a21324c0 ConcurrentGCThread "G1 Refine#0" [stack: 0x0000004c8ab00000,0x0000004c8ac00000] [id=7752]
  0x00000198a2132d90 ConcurrentGCThread "G1 Young RemSet Sampling" [stack: 0x0000004c8ac00000,0x0000004c8ad00000] [id=8112]

Threads with active compile tasks:

VM state: not at safepoint (normal execution)

VM Mutex/Monitor currently owned by a thread: None

Heap address: 0x00000000d4c00000, size: 692 MB, Compressed Oops mode: 32-bit
CDS disabled.
Compressed class space mapped at: 0x0000000100000000-0x0000000140000000, size: 1073741824
Narrow klass base: 0x0000000000000000, Narrow klass shift: 3, Narrow klass range: 0x140000000

GC Precious Log:
 CPUs: 4 total, 4 available
 Memory: 2765M
 Large Page Support: Disabled
 NUMA Support: Disabled
 Compressed Oops: Enabled (32-bit)
 Heap Region Size: 1M
 Heap Min Capacity: 8M
 Heap Initial Capacity: 8M
 Heap Max Capacity: 692M
 Pre-touch: Disabled
 Parallel Workers: 4
 Concurrent Workers: 1
 Concurrent Refinement Workers: 4
 Periodic GC: Disabled

Heap:
 garbage-first heap   total 8192K, used 0K [0x00000000d4c00000, 0x0000000100000000)
  region size 1024K, 1 young (1024K), 0 survivors (0K)
 Metaspace       used 2485K, capacity 4480K, committed 4480K, reserved 1056768K
  class space    used 195K, capacity 384K, committed 384K, reserved 1048576K

Heap Regions: E=young(eden), S=young(survivor), O=old, HS=humongous(starts), HC=humongous(continues), CS=collection set, F=free, OA=open archive, CA=closed archive, TAMS=top-at-mark-start (previous, next)
|   0|0x00000000d4c00000, 0x00000000d4c00000, 0x00000000d4d00000|  0%| F|  |TAMS 0x00000000d4c00000, 0x00000000d4c00000| Untracked 
|   1|0x00000000d4d00000, 0x00000000d4d00000, 0x00000000d4e00000|  0%| F|  |TAMS 0x00000000d4d00000, 0x00000000d4d00000| Untracked 
|   2|0x00000000d4e00000, 0x00000000d4e00000, 0x00000000d4f00000|  0%| F|  |TAMS 0x00000000d4e00000, 0x00000000d4e00000| Untracked 
|   3|0x00000000d4f00000, 0x00000000d4f00000, 0x00000000d5000000|  0%| F|  |TAMS 0x00000000d4f00000, 0x00000000d4f00000| Untracked 
|   4|0x00000000d5000000, 0x00000000d5000000, 0x00000000d5100000|  0%| F|  |TAMS 0x00000000d5000000, 0x00000000d5000000| Untracked 
|   5|0x00000000d5100000, 0x00000000d5100000, 0x00000000d5200000|  0%| F|  |TAMS 0x00000000d5100000, 0x00000000d5100000| Untracked 
|   6|0x00000000d5200000, 0x00000000d5200000, 0x00000000d5300000|  0%| F|  |TAMS 0x00000000d5200000, 0x00000000d5200000| Untracked 
|   7|0x00000000d5300000, 0x00000000d533dda8, 0x00000000d5400000| 24%| E|  |TAMS 0x00000000d5300000, 0x00000000d5300000| Complete 

Card table byte_map: [0x00000198b9310000,0x00000198b9470000] _byte_map_base: 0x00000198b8c6a000

Marking Bits (Prev, Next): (CMBitMap*) 0x00000198a210ec60, (CMBitMap*) 0x00000198a210eca0
 Prev Bits: [0x00000198b95d0000, 0x00000198ba0a0000)
 Next Bits: [0x00000198ba0a0000, 0x00000198bab70000)

Polling page: 0x000001989ff10000

Metaspace:

Usage:
  Non-class:      4.00 MB capacity,     2.24 MB ( 56%) used,     1.76 MB ( 44%) free+waste,    64 bytes ( <1%) overhead. 
      Class:    384.00 KB capacity,   195.41 KB ( 51%) used,   188.52 KB ( 49%) free+waste,    64 bytes ( <1%) overhead. 
       Both:      4.38 MB capacity,     2.43 MB ( 55%) used,     1.95 MB ( 45%) free+waste,   128 bytes ( <1%) overhead. 

Virtual space:
  Non-class space:        8.00 MB reserved,       4.00 MB ( 50%) committed 
      Class space:        1.00 GB reserved,     384.00 KB ( <1%) committed 
             Both:        1.01 GB reserved,       4.38 MB ( <1%) committed 

Chunk freelists:
   Non-Class:  0 bytes
       Class:  0 bytes
        Both:  0 bytes

MaxMetaspaceSize: 17179869184.00 GB
CompressedClassSpaceSize: 1.00 GB

CodeHeap 'non-profiled nmethods': size=120000Kb used=0Kb max_used=0Kb free=120000Kb
 bounds [0x00000198b1de0000, 0x00000198b2050000, 0x00000198b9310000]
CodeHeap 'profiled nmethods': size=120000Kb used=0Kb max_used=0Kb free=120000Kb
 bounds [0x00000198aa8b0000, 0x00000198aab20000, 0x00000198b1de0000]
CodeHeap 'non-nmethods': size=5760Kb used=1021Kb max_used=1035Kb free=4738Kb
 bounds [0x00000198aa310000, 0x00000198aa580000, 0x00000198aa8b0000]
 total_blobs=238 nmethods=0 adapters=152
 compilation: enabled
              stopped_count=0, restarted_count=0
 full_count=0

Compilation events (0 events):
No events

GC Heap History (0 events):
No events

Deoptimization events (0 events):
No events

Classes unloaded (0 events):
No events

Classes redefined (0 events):
No events

Internal exceptions (0 events):
No events

Events (20 events):
Event: 0.708 loading class jdk/internal/access/JavaLangAccess done
Event: 0.709 loading class java/lang/System$2 done
Event: 0.709 loading class java/util/Collections
Event: 0.711 loading class java/util/Collections done
Event: 0.711 loading class java/util/Collections$EmptySet
Event: 0.712 loading class java/util/Collections$EmptySet done
Event: 0.712 loading class java/util/Collections$EmptyList
Event: 0.712 loading class java/util/AbstractList
Event: 0.713 loading class java/util/AbstractList done
Event: 0.713 loading class java/util/Collections$EmptyList done
Event: 0.713 loading class java/util/Collections$EmptyMap
Event: 0.714 loading class java/util/Collections$EmptyMap done
Event: 0.714 loading class java/lang/IllegalArgumentException
Event: 0.714 loading class java/lang/IllegalArgumentException done
Event: 0.715 Thread 0x00000198bd961940 Thread added: 0x00000198bd961940
Event: 0.716 Thread 0x00000198bd962300 Thread added: 0x00000198bd962300
Event: 0.716 Thread 0x00000198bd962cc0 Thread added: 0x00000198bd962cc0
Event: 0.717 Thread 0x00000198bd968ec0 Thread added: 0x00000198bd968ec0
Event: 0.717 Thread 0x00000198bd96b8d0 Thread added: 0x00000198bd96b8d0
Event: 0.718 Thread 0x00000198bd978610 Thread added: 0x00000198bd978610


Dynamic libraries:
0x00007ff79ec60000 - 0x00007ff79ec68000 	C:\Program Files\Java\jdk-15\bin\javac.exe
0x00007ff8fc000000 - 0x00007ff8fc1f0000 	C:\Windows\SYSTEM32\ntdll.dll
0x00007ff8fb0a0000 - 0x00007ff8fb152000 	C:\Windows\System32\KERNEL32.DLL
0x00007ff8f9de0000 - 0x00007ff8fa082000 	C:\Windows\System32\KERNELBASE.dll
0x00007ff8f9a70000 - 0x00007ff8f9b6a000 	C:\Windows\System32\ucrtbase.dll
0x00007ff8f50c0000 - 0x00007ff8f50d9000 	C:\Program Files\Java\jdk-15\bin\VCRUNTIME140.dll
0x00007ff8e6010000 - 0x00007ff8e6028000 	C:\Program Files\Java\jdk-15\bin\jli.dll
0x00007ff8fa0d0000 - 0x00007ff8fa173000 	C:\Windows\System32\ADVAPI32.dll
0x00007ff8fbc40000 - 0x00007ff8fbcde000 	C:\Windows\System32\msvcrt.dll
0x00007ff8fb000000 - 0x00007ff8fb097000 	C:\Windows\System32\sechost.dll
0x00007ff8fb640000 - 0x00007ff8fb760000 	C:\Windows\System32\RPCRT4.dll
0x00007ff8faca0000 - 0x00007ff8fae33000 	C:\Windows\System32\USER32.dll
0x00007ff8f9d20000 - 0x00007ff8f9d41000 	C:\Windows\System32\win32u.dll
0x00007ff8fbd60000 - 0x00007ff8fbd86000 	C:\Windows\System32\GDI32.dll
0x00007ff8f3190000 - 0x00007ff8f3415000 	C:\Windows\WinSxS\amd64_microsoft.windows.common-controls_6595b64144ccf1df_6.0.18362.30_none_a1435978519dce7f\COMCTL32.dll
0x00007ff8f8fe0000 - 0x00007ff8f9174000 	C:\Windows\System32\gdi32full.dll
0x00007ff8f9230000 - 0x00007ff8f92ce000 	C:\Windows\System32\msvcp_win.dll
0x00007ff8eacb0000 - 0x00007ff8eacba000 	C:\Windows\SYSTEM32\VERSION.dll
0x00007ff8fb2a0000 - 0x00007ff8fb5d6000 	C:\Windows\System32\combase.dll
0x00007ff8f9d50000 - 0x00007ff8f9dd1000 	C:\Windows\System32\bcryptPrimitives.dll
0x00007ff8faf70000 - 0x00007ff8faf9e000 	C:\Windows\System32\IMM32.DLL
0x00007ff8f3cb0000 - 0x00007ff8f3cbc000 	C:\Program Files\Java\jdk-15\bin\vcruntime140_1.dll
0x00007ff8e6060000 - 0x00007ff8e60f1000 	C:\Program Files\Java\jdk-15\bin\msvcp140.dll
0x00007ff8c7690000 - 0x00007ff8c81ec000 	C:\Program Files\Java\jdk-15\bin\server\jvm.dll
0x00007ff8fae40000 - 0x00007ff8fae48000 	C:\Windows\System32\PSAPI.DLL
0x00007ff8f5150000 - 0x00007ff8f5159000 	C:\Windows\SYSTEM32\WSOCK32.dll
0x00007ff8f70f0000 - 0x00007ff8f7114000 	C:\Windows\SYSTEM32\WINMM.dll
0x00007ff8faf00000 - 0x00007ff8faf6f000 	C:\Windows\System32\WS2_32.dll
0x00007ff8f70c0000 - 0x00007ff8f70ed000 	C:\Windows\SYSTEM32\WINMMBASE.dll
0x00007ff8f8f90000 - 0x00007ff8f8fda000 	C:\Windows\System32\cfgmgr32.dll
0x00007ff8f8f20000 - 0x00007ff8f8f31000 	C:\Windows\System32\kernel.appcore.dll
0x00007ff8f3ca0000 - 0x00007ff8f3caa000 	C:\Program Files\Java\jdk-15\bin\jimage.dll
0x00007ff8eaf00000 - 0x00007ff8eb0f4000 	C:\Windows\SYSTEM32\DBGHELP.DLL
0x00007ff8eaeb0000 - 0x00007ff8eaeda000 	C:\Windows\SYSTEM32\dbgcore.DLL
0x00007ff8e6100000 - 0x00007ff8e6125000 	C:\Program Files\Java\jdk-15\bin\java.dll
0x00007ff8fa180000 - 0x00007ff8fa860000 	C:\Windows\System32\SHELL32.dll
0x00007ff8fae50000 - 0x00007ff8faef9000 	C:\Windows\System32\shcore.dll
0x00007ff8f92f0000 - 0x00007ff8f9a6b000 	C:\Windows\System32\windows.storage.dll
0x00007ff8f8f00000 - 0x00007ff8f8f1f000 	C:\Windows\System32\profapi.dll
0x00007ff8f8f40000 - 0x00007ff8f8f8a000 	C:\Windows\System32\powrprof.dll
0x00007ff8f8ed0000 - 0x00007ff8f8ee0000 	C:\Windows\System32\UMPDC.dll
0x00007ff8fafa0000 - 0x00007ff8faff2000 	C:\Windows\System32\shlwapi.dll
0x00007ff8f92d0000 - 0x00007ff8f92e7000 	C:\Windows\System32\cryptsp.dll

dbghelp: loaded successfully - version: 4.0.5 - missing functions: none
symbol engine: initialized successfully - sym options: 0x614 - pdb path: .;C:\Program Files\Java\jdk-15\bin;C:\Windows\SYSTEM32;C:\Windows\WinSxS\amd64_microsoft.windows.common-controls_6595b64144ccf1df_6.0.18362.30_none_a1435978519dce7f;C:\Program Files\Java\jdk-15\bin\server

VM Arguments:
jvm_args: -Dapplication.home=C:\Program Files\Java\jdk-15 --add-modules=ALL-DEFAULT -Xms8m -Djdk.module.main=jdk.compiler 
java_command: jdk.compiler/com.sun.tools.javac.Main -d C:\Users\FELICIA LONGO\Videos\aulas\java\Java Bases\Aula4_IdiomaSistema\build\classes -classpath C:\Users\FELICIA LONGO\Videos\aulas\java\Java Bases\Aula4_IdiomaSistema\build\classes -sourcepath C:\Users\FELICIA LONGO\Videos\aulas\java\Java Bases\Aula4_IdiomaSistema\build\empty -target 15 -encoding UTF-8 -g -processorpath C:\Users\FELICIA LONGO\Videos\aulas\java\Java Bases\Aula4_IdiomaSistema\build\empty -s C:\Users\FELICIA LONGO\Videos\aulas\java\Java Bases\Aula4_IdiomaSistema\build\generated-sources\ap-source-output -source 15 C:\Users\FELICIA LONGO\Videos\aulas\java\Java Bases\Aula4_IdiomaSistema\src\aula4_idiomasistema\Aula4_IdiomaSistema.java
java_class_path (initial): <not set>
Launcher Type: SUN_STANDARD

[Global flags]
     intx CICompilerCount                          = 3                                         {product} {ergonomic}
     uint ConcGCThreads                            = 1                                         {product} {ergonomic}
     uint G1ConcRefinementThreads                  = 4                                         {product} {ergonomic}
   size_t G1HeapRegionSize                         = 1048576                                   {product} {ergonomic}
    uintx GCDrainStackTargetSize                   = 64                                        {product} {ergonomic}
   size_t InitialHeapSize                          = 8388608                                   {product} {command line}
   size_t MarkStackSize                            = 4194304                                   {product} {ergonomic}
   size_t MaxHeapSize                              = 725614592                                 {product} {ergonomic}
   size_t MaxNewSize                               = 435159040                                 {product} {ergonomic}
   size_t MinHeapDeltaBytes                        = 1048576                                   {product} {ergonomic}
   size_t MinHeapSize                              = 8388608                                   {product} {command line}
    uintx NonNMethodCodeHeapSize                   = 5832780                                {pd product} {ergonomic}
    uintx NonProfiledCodeHeapSize                  = 122912730                              {pd product} {ergonomic}
    uintx ProfiledCodeHeapSize                     = 122912730                              {pd product} {ergonomic}
    uintx ReservedCodeCacheSize                    = 251658240                              {pd product} {ergonomic}
     bool SegmentedCodeCache                       = true                                      {product} {ergonomic}
   size_t SoftMaxHeapSize                          = 725614592                              {manageable} {ergonomic}
     bool UseCompressedClassPointers               = true                                 {lp64_product} {ergonomic}
     bool UseCompressedOops                        = true                                 {lp64_product} {ergonomic}
     bool UseG1GC                                  = true                                      {product} {ergonomic}
     bool UseLargePagesIndividualAllocation        = false                                  {pd product} {ergonomic}

Logging:
Log output configuration:
 #0: stdout all=warning uptime,level,tags
 #1: stderr all=off uptime,level,tags

Environment Variables:
PATH=C:\Program Files\Common Files\Oracle\Java\javapath;C:\ProgramData\Oracle\Java\javapath;C:\Windows\system32;C:\Windows;C:\Windows\System32\Wbem;C:\Windows\System32\WindowsPowerShell\v1.0\;C:\Windows\System32\OpenSSH\;C:\ProgramData\UNIVALI\Portugol Studio;C:\Program Files\Git\cmd;C:\Program Files\dotnet\;C:\Program Files\Microsoft SQL Server\130\Tools\Binn\;C:\Users\FELICIA LONGO\AppData\Local\Microsoft\WindowsApps;;C:\Users\FELICIA LONGO\AppData\Local\Programs\Microsoft VS Code\bin;C:\Users\FELICIA LONGO\.dotnet\tools
USERNAME=FELICIA LONGO
OS=Windows_NT
PROCESSOR_IDENTIFIER=Intel64 Family 6 Model 42 Stepping 7, GenuineIntel



---------------  S Y S T E M  ---------------

OS:
 Windows 10 , 64 bit Build 18362 (10.0.18362.1)
OS uptime: 6 days 14:30 hours

CPU: total 4 (initial active 4) (2 cores per cpu, 2 threads per core) family 6 model 42 stepping 7, cmov, cx8, fxsr, mmx, sse, sse2, sse3, ssse3, sse4.1, sse4.2, popcnt, vzeroupper, avx, clmul, ht, tsc, tscinvbit, clflush

Memory: 4k page, system-wide physical 2765M (557M free)
TotalPageFile size 4006M (AvailPageFile size 3M)
current process WorkingSet (physical memory assigned to process): 20M, peak: 20M
current process commit charge ("private bytes"): 68M, peak: 71M

vm_info: Java HotSpot(TM) 64-Bit Server VM (15+36-1562) for windows-amd64 JRE (15+36-1562), built on Aug 11 2020 22:38:02 by "mach5one" with unknown MS VC++:1925

END.
